#
# There is insufficient memory for the Java Runtime Environment to continue.
# Native memory allocation (malloc) failed to allocate 1294848 bytes for Chunk::new
# Possible reasons:
#   The system is out of physical RAM or swap space
#   In 32 bit mode, the process size limit was hit
# Possible solutions:
#   Reduce memory load on the system
#   Increase physical memory or swap space
#   Check if swap backing store is full
#   Use 64 bit Java on a 64 bit OS
#   Decrease Java heap size (-Xmx/-Xms)
#   Decrease number of Java threads
#   Decrease Java thread stack sizes (-Xss)
#   Set larger code cache with -XX:ReservedCodeCacheSize=
# This output file may be truncated or incomplete.
#
#  Out of Memory Error (allocation.cpp:390), pid=13244, tid=0x0000000000003180
#
# JRE version: OpenJDK Runtime Environment (8.0_152-b01) (build 1.8.0_152-release-915-b01)
# Java VM: OpenJDK 64-Bit Server VM (25.152-b01 mixed mode windows-amd64 compressed oops)
# Failed to write core dump. Minidumps are not enabled by default on client versions of Windows
#

---------------  T H R E A D  ---------------

Current thread (0x000000001854b000):  JavaThread "C2 CompilerThread0" daemon [_thread_in_native, id=12672, stack(0x0000000019f40000,0x000000001a040000)]

Stack: [0x0000000019f40000,0x000000001a040000]
[error occurred during error reporting (printing stack bounds), id 0xc0000005]

Native frames: (J=compiled Java code, j=interpreted, Vv=VM code, C=native code)


Current CompileTask:
C2: 330710 8810       4       org.jetbrains.kotlin.load.java.typeEnhancement.SignatureEnhancement::enhanceSignature (1026 bytes)


---------------  P R O C E S S  ---------------

Java Threads: ( => current thread )
  0x000000001e219800 JavaThread "RMI RenewClean-[localhost:6509,org.jetbrains.kotlin.daemon.common.LoopbackNetworkInterface$ClientLoopbackSocketFactory@4e84eba0]" daemon [_thread_blocked, id=13836, stack(0x0000000022720000,0x0000000022820000)]
  0x000000001e216000 JavaThread "RMI TCP Connection(12)-127.0.0.1" daemon [_thread_in_native, id=14184, stack(0x0000000022620000,0x0000000022720000)]
  0x000000001e213800 JavaThread "RMI TCP Connection(11)-127.0.0.1" daemon [_thread_in_native, id=904, stack(0x0000000022420000,0x0000000022520000)]
  0x000000001e215000 JavaThread "RMI TCP Connection(9)-127.0.0.1" daemon [_thread_in_native, id=14180, stack(0x0000000022320000,0x0000000022420000)]
  0x000000001e217800 JavaThread "RMI RenewClean-[localhost:6509,org.jetbrains.kotlin.daemon.common.LoopbackNetworkInterface$ClientLoopbackSocketFactory@9b71ac8]" daemon [_thread_blocked, id=13356, stack(0x0000000021ff0000,0x00000000220f0000)]
  0x000000001aa32800 JavaThread "RMI RenewClean-[localhost:6509,org.jetbrains.kotlin.daemon.common.LoopbackNetworkInterface$ClientLoopbackSocketFactory@768f967f]" daemon [_thread_blocked, id=9572, stack(0x0000000021df0000,0x0000000021ef0000)]
  0x000000001a65c000 JavaThread "RMI Scheduler(0)" daemon [_thread_blocked, id=11344, stack(0x000000001b440000,0x000000001b540000)]
  0x0000000004a82800 JavaThread "DestroyJavaVM" [_thread_blocked, id=13060, stack(0x00000000048d0000,0x00000000049d0000)]
  0x000000001a64b000 JavaThread "GC Daemon" daemon [_thread_blocked, id=9116, stack(0x000000001b240000,0x000000001b340000)]
  0x000000001a6ba800 JavaThread "RMI Reaper" [_thread_blocked, id=1864, stack(0x000000001b140000,0x000000001b240000)]
  0x000000001a601800 JavaThread "Timer-0" daemon [_thread_blocked, id=10220, stack(0x000000001ad40000,0x000000001ae40000)]
  0x000000001a5fe000 JavaThread "RMI TCP Accept-17937" daemon [_thread_in_native, id=7556, stack(0x000000001ac40000,0x000000001ad40000)]
  0x00000000199d9000 JavaThread "Service Thread" daemon [_thread_blocked, id=5124, stack(0x000000001a240000,0x000000001a340000)]
  0x000000001994c000 JavaThread "C1 CompilerThread2" daemon [_thread_blocked, id=5364, stack(0x000000001a140000,0x000000001a240000)]
  0x0000000019949000 JavaThread "C2 CompilerThread1" daemon [_thread_in_native, id=14328, stack(0x000000001a040000,0x000000001a140000)]
=>0x000000001854b000 JavaThread "C2 CompilerThread0" daemon [_thread_in_native, id=12672, stack(0x0000000019f40000,0x000000001a040000)]
  0x0000000019948800 JavaThread "Attach Listener" daemon [_thread_blocked, id=13496, stack(0x0000000019e40000,0x0000000019f40000)]
  0x0000000018500000 JavaThread "Signal Dispatcher" daemon [_thread_blocked, id=11568, stack(0x0000000019d40000,0x0000000019e40000)]
  0x0000000004b7a800 JavaThread "Finalizer" daemon [_thread_blocked, id=8868, stack(0x0000000019740000,0x0000000019840000)]
  0x0000000004b71000 JavaThread "Reference Handler" daemon [_thread_blocked, id=4072, stack(0x0000000019640000,0x0000000019740000)]

Other Threads:
  0x00000000184b6000 VMThread [stack: 0x0000000019540000,0x0000000019640000] [id=13224]
  0x00000000199dc800 WatcherThread [stack: 0x000000001a340000,0x000000001a440000] [id=6952]

VM state:not at safepoint (normal execution)

VM Mutex/Monitor currently owned by a thread: None

Heap:
 PSYoungGen      total 270336K, used 80506K [0x00000000e0000000, 0x00000000f8b00000, 0x0000000100000000)
  eden space 232448K, 25% used [0x00000000e0000000,0x00000000e39e07e0,0x00000000ee300000)
  from space 37888K, 56% used [0x00000000ee300000,0x00000000ef7be320,0x00000000f0800000)
  to   space 37888K, 0% used [0x00000000f6600000,0x00000000f6600000,0x00000000f8b00000)
 ParOldGen       total 199680K, used 48277K [0x00000000a0000000, 0x00000000ac300000, 0x00000000e0000000)
  object space 199680K, 24% used [0x00000000a0000000,0x00000000a2f25630,0x00000000ac300000)
 Metaspace       used 56475K, capacity 57650K, committed 58240K, reserved 1099776K
  class space    used 6833K, capacity 7173K, committed 7296K, reserved 1048576K

Card table byte_map: [0x0000000013f40000,0x0000000014250000] byte_map_base: 0x0000000013a40000

Marking Bits: (ParMarkBitMap*) 0x00000000570b3950
 Begin Bits: [0x0000000014850000, 0x0000000016050000)
 End Bits:   [0x0000000016050000, 0x0000000017850000)

Polling page: 0x0000000002880000

CodeCache: size=245760Kb used=26875Kb max_used=26875Kb free=218885Kb
 bounds [0x0000000004b80000, 0x00000000065f0000, 0x0000000013b80000]
 total_blobs=8171 nmethods=7650 adapters=432
 compilation: enabled

Compilation events (10 events):
Event: 330.539 Thread 0x000000001994c000 9036       2       org.jetbrains.kotlin.com.intellij.util.containers.RefHashMap$MyMap::access$400 (5 bytes)
Event: 330.540 Thread 0x000000001994c000 nmethod 9036 0x00000000065e4050 code [0x00000000065e41c0, 0x00000000065e4348]
Event: 330.540 Thread 0x000000001994c000 9037       2       org.jetbrains.kotlin.com.intellij.util.containers.RefHashMap$MyMap::compactIfNecessary (25 bytes)
Event: 330.540 Thread 0x000000001994c000 nmethod 9037 0x00000000065e44d0 code [0x00000000065e4660, 0x00000000065e4908]
Event: 330.595 Thread 0x000000001994c000 9038       2       java.nio.DirectByteBuffer::address (5 bytes)
Event: 330.595 Thread 0x000000001994c000 nmethod 9038 0x00000000065e4b90 code [0x00000000065e4ce0, 0x00000000065e4e30]
Event: 330.601 Thread 0x000000001994c000 9039       2       org.jetbrains.kotlin.com.intellij.util.io.ResizeableMappedFile::getLengthFile (36 bytes)
Event: 330.602 Thread 0x000000001994c000 nmethod 9039 0x00000000065e4e90 code [0x00000000065e5020, 0x00000000065e53d8]
Event: 330.609 Thread 0x000000001994c000 9040       2       org.jetbrains.kotlin.com.intellij.util.containers.hash.LinkedHashMap::entrySet (44 bytes)
Event: 330.610 Thread 0x000000001994c000 nmethod 9040 0x00000000065e5610 code [0x00000000065e5760, 0x00000000065e5910]

GC Heap History (10 events):
Event: 8.455 GC heap before
{Heap before GC invocations=16 (full 4):
 PSYoungGen      total 138752K, used 137614K [0x00000000e0000000, 0x00000000ec580000, 0x0000000100000000)
  eden space 122368K, 99% used [0x00000000e0000000,0x00000000e76b2248,0x00000000e7780000)
  from space 16384K, 98% used [0x00000000e7780000,0x00000000e87318f8,0x00000000e8780000)
  to   space 18432K, 0% used [0x00000000eb380000,0x00000000eb380000,0x00000000ec580000)
 ParOldGen       total 196608K, used 150095K [0x00000000a0000000, 0x00000000ac000000, 0x00000000e0000000)
  object space 196608K, 76% used [0x00000000a0000000,0x00000000a9293fc0,0x00000000ac000000)
 Metaspace       used 44011K, capacity 44736K, committed 45184K, reserved 1089536K
  class space    used 5572K, capacity 5728K, committed 5760K, reserved 1048576K
Event: 8.480 GC heap after
Heap after GC invocations=16 (full 4):
 PSYoungGen      total 182272K, used 15701K [0x00000000e0000000, 0x00000000ed800000, 0x0000000100000000)
  eden space 163840K, 0% used [0x00000000e0000000,0x00000000e0000000,0x00000000ea000000)
  from space 18432K, 85% used [0x00000000eb380000,0x00000000ec2d5668,0x00000000ec580000)
  to   space 19968K, 0% used [0x00000000ea000000,0x00000000ea000000,0x00000000eb380000)
 ParOldGen       total 196608K, used 155506K [0x00000000a0000000, 0x00000000ac000000, 0x00000000e0000000)
  object space 196608K, 79% used [0x00000000a0000000,0x00000000a97dc8d0,0x00000000ac000000)
 Metaspace       used 44011K, capacity 44736K, committed 45184K, reserved 1089536K
  class space    used 5572K, capacity 5728K, committed 5760K, reserved 1048576K
}
Event: 168.460 GC heap before
{Heap before GC invocations=17 (full 4):
 PSYoungGen      total 182272K, used 179541K [0x00000000e0000000, 0x00000000ed800000, 0x0000000100000000)
  eden space 163840K, 100% used [0x00000000e0000000,0x00000000ea000000,0x00000000ea000000)
  from space 18432K, 85% used [0x00000000eb380000,0x00000000ec2d5668,0x00000000ec580000)
  to   space 19968K, 0% used [0x00000000ea000000,0x00000000ea000000,0x00000000eb380000)
 ParOldGen       total 196608K, used 155506K [0x00000000a0000000, 0x00000000ac000000, 0x00000000e0000000)
  object space 196608K, 79% used [0x00000000a0000000,0x00000000a97dc8d0,0x00000000ac000000)
 Metaspace       used 51094K, capacity 51980K, committed 52352K, reserved 1095680K
  class space    used 6272K, capacity 6484K, committed 6528K, reserved 1048576K
Event: 168.515 GC heap after
Heap after GC invocations=17 (full 4):
 PSYoungGen      total 183808K, used 19964K [0x00000000e0000000, 0x00000000f2880000, 0x0000000100000000)
  eden space 163840K, 0% used [0x00000000e0000000,0x00000000e0000000,0x00000000ea000000)
  from space 19968K, 99% used [0x00000000ea000000,0x00000000eb37f1e8,0x00000000eb380000)
  to   space 33280K, 0% used [0x00000000f0800000,0x00000000f0800000,0x00000000f2880000)
 ParOldGen       total 196608K, used 184071K [0x00000000a0000000, 0x00000000ac000000, 0x00000000e0000000)
  object space 196608K, 93% used [0x00000000a0000000,0x00000000ab3c1f00,0x00000000ac000000)
 Metaspace       used 51094K, capacity 51980K, committed 52352K, reserved 1095680K
  class space    used 6272K, capacity 6484K, committed 6528K, reserved 1048576K
}
Event: 168.515 GC heap before
{Heap before GC invocations=18 (full 5):
 PSYoungGen      total 183808K, used 19964K [0x00000000e0000000, 0x00000000f2880000, 0x0000000100000000)
  eden space 163840K, 0% used [0x00000000e0000000,0x00000000e0000000,0x00000000ea000000)
  from space 19968K, 99% used [0x00000000ea000000,0x00000000eb37f1e8,0x00000000eb380000)
  to   space 33280K, 0% used [0x00000000f0800000,0x00000000f0800000,0x00000000f2880000)
 ParOldGen       total 196608K, used 184071K [0x00000000a0000000, 0x00000000ac000000, 0x00000000e0000000)
  object space 196608K, 93% used [0x00000000a0000000,0x00000000ab3c1f00,0x00000000ac000000)
 Metaspace       used 51094K, capacity 51980K, committed 52352K, reserved 1095680K
  class space    used 6272K, capacity 6484K, committed 6528K, reserved 1048576K
Event: 168.737 GC heap after
Heap after GC invocations=18 (full 5):
 PSYoungGen      total 183808K, used 0K [0x00000000e0000000, 0x00000000f2880000, 0x0000000100000000)
  eden space 163840K, 0% used [0x00000000e0000000,0x00000000e0000000,0x00000000ea000000)
  from space 19968K, 0% used [0x00000000ea000000,0x00000000ea000000,0x00000000eb380000)
  to   space 33280K, 0% used [0x00000000f0800000,0x00000000f0800000,0x00000000f2880000)
 ParOldGen       total 199680K, used 44705K [0x00000000a0000000, 0x00000000ac300000, 0x00000000e0000000)
  object space 199680K, 22% used [0x00000000a0000000,0x00000000a2ba8770,0x00000000ac300000)
 Metaspace       used 51094K, capacity 51980K, committed 52352K, reserved 1095680K
  class space    used 6272K, capacity 6484K, committed 6528K, reserved 1048576K
}
Event: 195.921 GC heap before
{Heap before GC invocations=19 (full 5):
 PSYoungGen      total 183808K, used 163840K [0x00000000e0000000, 0x00000000f2880000, 0x0000000100000000)
  eden space 163840K, 100% used [0x00000000e0000000,0x00000000ea000000,0x00000000ea000000)
  from space 19968K, 0% used [0x00000000ea000000,0x00000000ea000000,0x00000000eb380000)
  to   space 33280K, 0% used [0x00000000f0800000,0x00000000f0800000,0x00000000f2880000)
 ParOldGen       total 199680K, used 44705K [0x00000000a0000000, 0x00000000ac300000, 0x00000000e0000000)
  object space 199680K, 22% used [0x00000000a0000000,0x00000000a2ba8770,0x00000000ac300000)
 Metaspace       used 54567K, capacity 55636K, committed 55936K, reserved 1097728K
  class space    used 6723K, capacity 7024K, committed 7040K, reserved 1048576K
Event: 195.959 GC heap after
Heap after GC invocations=19 (full 5):
 PSYoungGen      total 265728K, used 31344K [0x00000000e0000000, 0x00000000f3180000, 0x0000000100000000)
  eden space 232448K, 0% used [0x00000000e0000000,0x00000000e0000000,0x00000000ee300000)
  from space 33280K, 94% used [0x00000000f0800000,0x00000000f269c078,0x00000000f2880000)
  to   space 37888K, 0% used [0x00000000ee300000,0x00000000ee300000,0x00000000f0800000)
 ParOldGen       total 199680K, used 44713K [0x00000000a0000000, 0x00000000ac300000, 0x00000000e0000000)
  object space 199680K, 22% used [0x00000000a0000000,0x00000000a2baa770,0x00000000ac300000)
 Metaspace       used 54567K, capacity 55636K, committed 55936K, reserved 1097728K
  class space    used 6723K, capacity 7024K, committed 7040K, reserved 1048576K
}
Event: 329.765 GC heap before
{Heap before GC invocations=20 (full 5):
 PSYoungGen      total 265728K, used 263792K [0x00000000e0000000, 0x00000000f3180000, 0x0000000100000000)
  eden space 232448K, 100% used [0x00000000e0000000,0x00000000ee300000,0x00000000ee300000)
  from space 33280K, 94% used [0x00000000f0800000,0x00000000f269c078,0x00000000f2880000)
  to   space 37888K, 0% used [0x00000000ee300000,0x00000000ee300000,0x00000000f0800000)
 ParOldGen       total 199680K, used 44713K [0x00000000a0000000, 0x00000000ac300000, 0x00000000e0000000)
  object space 199680K, 22% used [0x00000000a0000000,0x00000000a2baa770,0x00000000ac300000)
 Metaspace       used 56188K, capacity 57354K, committed 57856K, reserved 1099776K
  class space    used 6820K, capacity 7141K, committed 7168K, reserved 1048576K
Event: 329.797 GC heap after
Heap after GC invocations=20 (full 5):
 PSYoungGen      total 270336K, used 21240K [0x00000000e0000000, 0x00000000f8b00000, 0x0000000100000000)
  eden space 232448K, 0% used [0x00000000e0000000,0x00000000e0000000,0x00000000ee300000)
  from space 37888K, 56% used [0x00000000ee300000,0x00000000ef7be320,0x00000000f0800000)
  to   space 37888K, 0% used [0x00000000f6600000,0x00000000f6600000,0x00000000f8b00000)
 ParOldGen       total 199680K, used 48277K [0x00000000a0000000, 0x00000000ac300000, 0x00000000e0000000)
  object space 199680K, 24% used [0x00000000a0000000,0x00000000a2f25630,0x00000000ac300000)
 Metaspace       used 56188K, capacity 57354K, committed 57856K, reserved 1099776K
  class space    used 6820K, capacity 7141K, committed 7168K, reserved 1048576K
}

Deoptimization events (10 events):
Event: 307.885 Thread 0x000000001e213800 Uncommon trap: reason=bimorphic action=maybe_recompile pc=0x0000000006463d84 method=org.jetbrains.kotlin.com.intellij.util.containers.hash.LinkedHashMap.remove(Ljava/lang/Object;)Ljava/lang/Object; @ 61
Event: 307.885 Thread 0x000000001e213800 Uncommon trap: reason=bimorphic action=maybe_recompile pc=0x0000000006463d84 method=org.jetbrains.kotlin.com.intellij.util.containers.hash.LinkedHashMap.remove(Ljava/lang/Object;)Ljava/lang/Object; @ 61
Event: 329.689 Thread 0x000000001e216000 Uncommon trap: reason=class_check action=maybe_recompile pc=0x0000000006597028 method=org.jetbrains.kotlin.load.java.structure.JavaElementsKt$buildLazyValueForMap$1.invoke()Ljava/util/Map; @ 9
Event: 329.940 Thread 0x000000001e216000 Uncommon trap: reason=class_check action=maybe_recompile pc=0x000000000659b84c method=org.jetbrains.kotlin.load.java.typeEnhancement.SignatureEnhancement.enhanceSignatures(Lorg/jetbrains/kotlin/load/java/lazy/LazyJavaResolverContext;Ljava/util/Collection;
Event: 329.940 Thread 0x000000001e216000 Uncommon trap: reason=class_check action=maybe_recompile pc=0x000000000659b84c method=org.jetbrains.kotlin.load.java.typeEnhancement.SignatureEnhancement.enhanceSignatures(Lorg/jetbrains/kotlin/load/java/lazy/LazyJavaResolverContext;Ljava/util/Collection;
Event: 329.941 Thread 0x000000001e216000 Uncommon trap: reason=class_check action=maybe_recompile pc=0x000000000659b84c method=org.jetbrains.kotlin.load.java.typeEnhancement.SignatureEnhancement.enhanceSignatures(Lorg/jetbrains/kotlin/load/java/lazy/LazyJavaResolverContext;Ljava/util/Collection;
Event: 329.941 Thread 0x000000001e216000 Uncommon trap: reason=class_check action=maybe_recompile pc=0x000000000659b84c method=org.jetbrains.kotlin.load.java.typeEnhancement.SignatureEnhancement.enhanceSignatures(Lorg/jetbrains/kotlin/load/java/lazy/LazyJavaResolverContext;Ljava/util/Collection;
Event: 330.030 Thread 0x000000001e216000 Uncommon trap: reason=class_check action=maybe_recompile pc=0x0000000006597028 method=org.jetbrains.kotlin.load.java.structure.JavaElementsKt$buildLazyValueForMap$1.invoke()Ljava/util/Map; @ 9
Event: 330.038 Thread 0x000000001e216000 Uncommon trap: reason=class_check action=maybe_recompile pc=0x0000000006597028 method=org.jetbrains.kotlin.load.java.structure.JavaElementsKt$buildLazyValueForMap$1.invoke()Ljava/util/Map; @ 9
Event: 330.135 Thread 0x000000001e216000 Uncommon trap: reason=class_check action=maybe_recompile pc=0x0000000006597028 method=org.jetbrains.kotlin.load.java.structure.JavaElementsKt$buildLazyValueForMap$1.invoke()Ljava/util/Map; @ 9

Classes redefined (0 events):
No events

Internal exceptions (10 events):
Event: 167.049 Thread 0x000000001eb78800 Exception <a 'java/lang/reflect/InvocationTargetException'> (0x00000000e3e53560) thrown at [D:\src\AOSP-openjdk-cygwin\jdk8u\hotspot\src\share\vm\runtime\reflection.cpp, line 1092]
Event: 168.783 Thread 0x000000001eb78800 Implicit null exception at 0x0000000005cd6b07 to 0x0000000005cd7005
Event: 169.394 Thread 0x000000001eb78800 Exception <a 'java/lang/NoSuchMethodError': java.lang.Object.lambda$static$0(Ljava/lang/String;)Z> (0x00000000e1b85c00) thrown at [D:\src\AOSP-openjdk-cygwin\jdk8u\hotspot\src\share\vm\interpreter\linkResolver.cpp, line 584]
Event: 169.395 Thread 0x000000001eb78800 Exception <a 'java/lang/NoSuchMethodError': java.lang.Object.lambda$static$1(Ljava/lang/String;)Z> (0x00000000e1b88450) thrown at [D:\src\AOSP-openjdk-cygwin\jdk8u\hotspot\src\share\vm\interpreter\linkResolver.cpp, line 584]
Event: 194.473 Thread 0x000000001e217800 Exception <a 'java/lang/InterruptedException'> (0x00000000e3493fb0) thrown at [D:\src\AOSP-openjdk-cygwin\jdk8u\hotspot\src\share\vm\runtime\objectMonitor.cpp, line 1684]
Event: 194.499 Thread 0x000000001e219800 Exception <a 'sun/nio/fs/WindowsException'> (0x00000000e358ac58) thrown at [D:\src\AOSP-openjdk-cygwin\jdk8u\hotspot\src\share\vm\prims\jni.cpp, line 709]
Event: 305.921 Thread 0x000000001e214800 Exception <a 'java/lang/InterruptedException'> (0x00000000e0bcd560) thrown at [D:\src\AOSP-openjdk-cygwin\jdk8u\hotspot\src\share\vm\runtime\objectMonitor.cpp, line 1684]
Event: 305.976 Thread 0x000000001e213800 Exception <a 'sun/nio/fs/WindowsException'> (0x00000000e0cf32a8) thrown at [D:\src\AOSP-openjdk-cygwin\jdk8u\hotspot\src\share\vm\prims\jni.cpp, line 709]
Event: 329.049 Thread 0x000000001e219800 Exception <a 'java/lang/InterruptedException'> (0x00000000ea973f40) thrown at [D:\src\AOSP-openjdk-cygwin\jdk8u\hotspot\src\share\vm\runtime\objectMonitor.cpp, line 1684]
Event: 329.067 Thread 0x000000001e216000 Exception <a 'sun/nio/fs/WindowsException'> (0x00000000eaa6a430) thrown at [D:\src\AOSP-openjdk-cygwin\jdk8u\hotspot\src\share\vm\prims\jni.cpp, line 709]

Events (10 events):
Event: 330.377 loading class org/jetbrains/kotlin/com/intellij/util/io/PersistentHashMapValueStorage$ReaderOverRandomAccessFileCache
Event: 330.377 loading class org/jetbrains/kotlin/com/intellij/util/io/PersistentHashMapValueStorage$ReaderOverRandomAccessFileCache done
Event: 330.377 Executing VM operation: RevokeBias
Event: 330.378 Executing VM operation: RevokeBias done
Event: 330.379 loading class org/iq80/snappy/SnappyDecompressor
Event: 330.379 loading class org/iq80/snappy/SnappyDecompressor done
Event: 330.379 loading class org/iq80/snappy/CorruptionException
Event: 330.379 loading class org/iq80/snappy/CorruptionException done
Event: 330.381 Thread 0x000000001e216000 DEOPT PACKING pc=0x00000000065d184a sp=0x000000002271b5e0
Event: 330.381 Thread 0x000000001e216000 DEOPT UNPACKING pc=0x0000000004bc75bf sp=0x000000002271b2d0 mode 0


Dynamic libraries:
0x00007ff739630000 - 0x00007ff739661000 	E:\Program Files (x86)\AS3.0\jre\jre\bin\java.exe
0x00007ffb79a50000 - 0x00007ffb79c30000 	C:\WINDOWS\SYSTEM32\ntdll.dll
0x00007ffb77040000 - 0x00007ffb770ee000 	C:\WINDOWS\System32\KERNEL32.DLL
0x00007ffb76040000 - 0x00007ffb762a6000 	C:\WINDOWS\System32\KERNELBASE.dll
0x00007ffb78890000 - 0x00007ffb78931000 	C:\WINDOWS\System32\ADVAPI32.dll
0x00007ffb79420000 - 0x00007ffb794bd000 	C:\WINDOWS\System32\msvcrt.dll
0x00007ffb792c0000 - 0x00007ffb7931b000 	C:\WINDOWS\System32\sechost.dll
0x00007ffb79020000 - 0x00007ffb7913f000 	C:\WINDOWS\System32\RPCRT4.dll
0x00007ffb76c60000 - 0x00007ffb76def000 	C:\WINDOWS\System32\USER32.dll
0x00007ffb76380000 - 0x00007ffb763a0000 	C:\WINDOWS\System32\win32u.dll
0x00007ffb79290000 - 0x00007ffb792b8000 	C:\WINDOWS\System32\GDI32.dll
0x00007ffb75df0000 - 0x00007ffb75f83000 	C:\WINDOWS\System32\gdi32full.dll
0x00007ffb762e0000 - 0x00007ffb7637b000 	C:\WINDOWS\System32\msvcp_win.dll
0x00007ffb763a0000 - 0x00007ffb76496000 	C:\WINDOWS\System32\ucrtbase.dll
0x00007ffb64440000 - 0x00007ffb646a9000 	C:\WINDOWS\WinSxS\amd64_microsoft.windows.common-controls_6595b64144ccf1df_6.0.16299.431_none_15c7d3ee93659e73\COMCTL32.dll
0x00007ffb795f0000 - 0x00007ffb798f8000 	C:\WINDOWS\System32\combase.dll
0x00007ffb753b0000 - 0x00007ffb75422000 	C:\WINDOWS\System32\bcryptPrimitives.dll
0x00007ffb770f0000 - 0x00007ffb7711d000 	C:\WINDOWS\System32\IMM32.DLL
0x0000000056810000 - 0x00000000568e2000 	E:\Program Files (x86)\AS3.0\jre\jre\bin\msvcr100.dll
0x00000000568f0000 - 0x000000005712e000 	E:\Program Files (x86)\AS3.0\jre\jre\bin\server\jvm.dll
0x00007ffb762b0000 - 0x00007ffb762d3000 	C:\WINDOWS\System32\WINMM.dll
0x00007ffb75380000 - 0x00007ffb753aa000 	C:\WINDOWS\System32\WINMMBASE.dll
0x00007ffb75da0000 - 0x00007ffb75dea000 	C:\WINDOWS\System32\cfgmgr32.dll
0x00007ffb76f90000 - 0x00007ffb76f98000 	C:\WINDOWS\System32\PSAPI.DLL
0x00007ffb74060000 - 0x00007ffb74069000 	C:\WINDOWS\SYSTEM32\WSOCK32.dll
0x00007ffb78b10000 - 0x00007ffb78b7c000 	C:\WINDOWS\System32\WS2_32.dll
0x00007ffb659d0000 - 0x00007ffb659da000 	C:\WINDOWS\SYSTEM32\VERSION.dll
0x00007ffb713c0000 - 0x00007ffb713cf000 	E:\Program Files (x86)\AS3.0\jre\jre\bin\verify.dll
0x00007ffb6d060000 - 0x00007ffb6d089000 	E:\Program Files (x86)\AS3.0\jre\jre\bin\java.dll
0x00007ffb6a910000 - 0x00007ffb6a926000 	E:\Program Files (x86)\AS3.0\jre\jre\bin\zip.dll
0x00007ffb77450000 - 0x00007ffb78888000 	C:\WINDOWS\System32\SHELL32.dll
0x00007ffb78f70000 - 0x00007ffb79016000 	C:\WINDOWS\System32\shcore.dll
0x00007ffb75480000 - 0x00007ffb75bc7000 	C:\WINDOWS\System32\windows.storage.dll
0x00007ffb78940000 - 0x00007ffb78991000 	C:\WINDOWS\System32\shlwapi.dll
0x00007ffb75340000 - 0x00007ffb75351000 	C:\WINDOWS\System32\kernel.appcore.dll
0x00007ffb75430000 - 0x00007ffb7547c000 	C:\WINDOWS\System32\powrprof.dll
0x00007ffb75320000 - 0x00007ffb7533b000 	C:\WINDOWS\System32\profapi.dll
0x00007ffb6ee10000 - 0x00007ffb6ee1d000 	E:\Program Files (x86)\AS3.0\jre\jre\bin\management.dll
0x00007ffb6a190000 - 0x00007ffb6a1aa000 	E:\Program Files (x86)\AS3.0\jre\jre\bin\net.dll
0x00007ffb74b40000 - 0x00007ffb74ba6000 	C:\WINDOWS\system32\mswsock.dll
0x00007ffb69ec0000 - 0x00007ffb69ed1000 	E:\Program Files (x86)\AS3.0\jre\jre\bin\nio.dll
0x00007ffb74d00000 - 0x00007ffb74d17000 	C:\WINDOWS\SYSTEM32\CRYPTSP.dll
0x00007ffb746e0000 - 0x00007ffb74713000 	C:\WINDOWS\system32\rsaenh.dll
0x00007ffb74e10000 - 0x00007ffb74e35000 	C:\WINDOWS\SYSTEM32\bcrypt.dll
0x00007ffb751e0000 - 0x00007ffb75209000 	C:\WINDOWS\SYSTEM32\USERENV.dll
0x00007ffb74d20000 - 0x00007ffb74d2b000 	C:\WINDOWS\SYSTEM32\CRYPTBASE.dll
0x00007ffb748d0000 - 0x00007ffb74909000 	C:\WINDOWS\SYSTEM32\IPHLPAPI.DLL
0x00007ffb79a10000 - 0x00007ffb79a18000 	C:\WINDOWS\System32\NSI.dll
0x00007ffb6f540000 - 0x00007ffb6f556000 	C:\WINDOWS\SYSTEM32\dhcpcsvc6.DLL
0x00007ffb6f520000 - 0x00007ffb6f53a000 	C:\WINDOWS\SYSTEM32\dhcpcsvc.DLL

VM Arguments:
jvm_args: -Djava.awt.headless=true -Djava.rmi.server.hostname=localhost -Xmx1536m -Dkotlin.environment.keepalive 
java_command: org.jetbrains.kotlin.daemon.KotlinCompileDaemon --daemon-runFilesPath C:\Users\Administrator\AppData\Local\kotlin\daemon --daemon-autoshutdownIdleSeconds=7200 --daemon-compilerClasspath E:\Users\Administrator\.gradle\caches\jars-3\f58e399bf7514751475f325920291a60\kotlin-compiler-embeddable-1.1.51.jar;E:\Program Files (x86)\AS3.0\jre\lib\tools.jar
java_class_path (initial): E:\Users\Administrator\.gradle\caches\jars-3\f58e399bf7514751475f325920291a60\kotlin-compiler-embeddable-1.1.51.jar;E:\Program Files (x86)\AS3.0\jre\lib\tools.jar
Launcher Type: SUN_STANDARD

Environment Variables:
JAVA_HOME=C:\Program Files\Java\jdk1.8.0_101
CLASSPATH=C:\apache-tomcat-7.0.57
PATH=C:\Program Files\NVIDIA GPU Computing Toolkit\CUDA\v7.5\bin;C:\Program Files\NVIDIA GPU Computing Toolkit\CUDA\v7.5\libnvvp;;D:\Android_SDK_Location\platform-tools;C:\ProgramData\Oracle\Java\javapath;C:\Program Files\Java\jdk1.8.0_101\bin;C:\WINDOWS\system32;C:\WINDOWS;C:\WINDOWS\System32\Wbem;C:\WINDOWS\System32\WindowsPowerShell\v1.0\;C:\Program Files\Lenovo\Bluetooth Software\;C:\Program Files\Lenovo\Bluetooth Software\syswow64;;C:\Program Files (x86)\NVIDIA Corporation\PhysX\Common;C:\Program Files\Microsoft SQL Server\110\Tools\Binn\;E:\Program Files (x86)\MySQL\MySQL Server 5.1\bin;f:\altera\81\quartus\bin;C:\Users\Administrator\AppData\Local\Microsoft\WindowsApps;e:\py\py;e:\texlive\2017\bin\win32;C:\Windows\System32;d:\ms\curl-7.58.0\src;
USERNAME=Administrator
OS=Windows_NT
PROCESSOR_IDENTIFIER=Intel64 Family 6 Model 61 Stepping 4, GenuineIntel



---------------  S Y S T E M  ---------------

OS: Windows 10.0 , 64 bit Build 16299 (10.0.16299.431)

CPU:total 4 (initial active 4) (2 cores per cpu, 2 threads per core) family 6 model 61 stepping 4, cmov, cx8, fxsr, mmx, sse, sse2, sse3, ssse3, sse4.1, sse4.2, popcnt, avx, avx2, aes, clmul, erms, 3dnowpref, lzcnt, ht, tsc, tscinvbit, bmi1, bmi2, adx

Memory: 4k page, physical 8286072k(916336k free), swap 19456848k(5600k free)

vm_info: OpenJDK 64-Bit Server VM (25.152-b01) for windows-amd64 JRE (1.8.0_152-release-915-b01), built by "builder" with MS VC++ 10.0 (VS2010)

time: Thu May 31 23:42:18 2018
elapsed time: 330 seconds (0d 0h 5m 30s)

