JvmtiExport can_access_local_variables 0
JvmtiExport can_hotswap_or_post_breakpoint 0
JvmtiExport can_post_on_exceptions 0
# 117 ciObject found
ciMethod java/io/InputStream read ([BII)I 0 0 1 0 -1
ciMethod java/io/InputStream available ()I 0 0 1 0 -1
ciMethod java/io/FileInputStream readBytes ([BII)I 4097 1 512 0 -1
ciMethod java/io/FileInputStream read ([BII)I 4097 1 6873 0 64
ciMethod java/io/BufferedInputStream getBufIfOpen ()[B 2689 1 20815 0 -1
ciMethod java/io/BufferedInputStream read1 ([BII)I 4097 1 5647 0 -1
ciMethod java/io/BufferedInputStream read ([BII)I 4097 9 5893 0 2944
ciMethodData java/io/FileInputStream read ([BII)I 2 6873 orig 264 56 157 233 86 0 0 0 0 88 221 103 24 0 0 0 0 72 1 0 0 0 0 0 0 0 0 0 0 0 0 0 0 0 0 0 0 0 0 0 0 0 0 0 0 0 0 0 0 0 0 0 0 0 0 0 0 0 0 0 0 0 0 0 0 0 0 0 0 0 0 0 0 0 0 0 0 0 0 0 0 77 68 79 32 101 120 116 114 97 32 100 97 116 97 32 108 111 99 107 0 0 0 0 0 0 0 0 0 0 0 0 0 0 0 0 0 0 0 0 0 0 0 0 0 0 0 0 0 0 0 0 0 0 0 0 0 0 0 0 0 0 0 0 0 0 0 0 0 0 0 0 0 0 0 0 0 0 0 0 0 0 0 0 0 0 0 0 0 0 0 0 0 0 0 0 0 0 0 0 0 0 0 0 0 0 0 0 0 0 0 0 0 0 0 0 0 0 0 0 0 0 0 0 0 0 0 0 0 0 0 0 0 0 0 0 0 0 2 0 0 201 198 0 0 1 0 0 0 0 0 0 0 0 0 0 0 2 0 0 0 0 0 3 0 2 0 0 0 16 0 0 0 255 255 255 255 2 0 4 0 0 0 0 0 data 2 0x40002 0x18d9 oops 0
ciMethod java/io/ObjectInputStream$PeekInputStream read ([BII)I 2137 1 5402 0 480
ciMethod java/io/ObjectInputStream$PeekInputStream readFully ([BII)V 2137 2129 5387 0 -1
ciMethodData java/io/ObjectInputStream$PeekInputStream read ([BII)I 2 5402 orig 264 56 157 233 86 0 0 0 0 40 47 154 27 0 0 0 0 168 2 0 0 248 0 0 0 0 0 0 0 0 0 0 0 0 0 0 0 0 0 0 0 0 0 0 0 0 0 0 0 0 0 0 0 0 0 0 0 0 0 0 0 0 0 0 0 0 0 0 0 0 0 0 0 0 0 0 0 0 0 0 0 77 68 79 32 101 120 116 114 97 32 100 97 116 97 32 108 111 99 107 0 0 0 0 0 0 0 0 0 0 0 0 0 0 0 0 0 0 0 0 0 0 0 0 0 0 0 0 0 0 0 0 0 0 0 0 0 0 0 0 0 0 0 0 0 0 0 0 0 0 0 0 0 0 0 0 0 0 0 0 0 0 0 0 0 0 0 0 0 0 0 0 0 0 0 0 0 0 0 0 0 0 0 0 0 0 0 0 0 0 0 0 0 0 0 0 0 0 0 0 0 0 0 0 0 0 0 0 0 0 0 0 0 0 0 0 0 11 1 0 0 121 160 0 0 1 0 0 0 0 0 0 0 0 0 0 0 2 0 0 0 0 0 16 0 2 0 0 0 72 1 0 0 255 255 255 255 7 0 1 0 0 0 0 0 data 41 0x10007 0x140f 0x20 0x0 0xa0007 0x112 0x88 0x12fd 0x140005 0x0 0x1cf2f6a0 0x129a 0x1cf2f750 0x63 0x200007 0x0 0x38 0x12fd 0x260003 0x12fd 0x18 0x4b0005 0x0 0x1cf2f6a0 0x112 0x0 0x0 0x570007 0x0 0x38 0x112 0x5d0003 0x112 0x18 0x670007 0x0 0x38 0x112 0x6e0003 0x112 0x18 oops 3 10 java/io/BufferedInputStream 12 java/io/FileInputStream 23 java/io/BufferedInputStream
ciMethodData java/io/ObjectInputStream$PeekInputStream readFully ([BII)V 2 5389 orig 264 56 157 233 86 0 0 0 0 240 47 154 27 0 0 0 0 248 1 0 0 112 0 0 0 0 0 0 0 0 0 0 0 0 0 0 0 0 0 0 0 0 0 0 0 0 0 0 0 0 0 0 0 0 0 0 0 0 0 0 0 0 0 0 0 0 0 0 0 0 0 0 0 0 0 0 0 0 0 0 0 77 68 79 32 101 120 116 114 97 32 100 97 116 97 32 108 111 99 107 0 0 0 0 0 0 0 0 0 0 0 0 0 0 0 0 0 0 0 0 0 0 0 0 0 0 0 0 0 0 0 0 0 0 0 0 0 0 0 0 0 0 0 0 0 0 0 0 0 0 0 0 0 0 0 0 0 0 0 0 0 0 0 0 0 0 0 0 0 0 0 0 0 0 0 0 0 0 0 0 0 0 0 0 0 0 0 0 0 0 0 0 0 0 0 0 0 0 0 0 0 0 0 0 0 0 0 0 0 0 0 0 0 0 0 0 0 11 1 0 0 1 160 0 0 25 160 0 0 0 0 0 0 0 0 0 0 2 0 0 0 1 0 8 0 2 0 0 0 152 0 0 0 255 255 255 255 7 0 6 0 0 0 0 0 data 19 0x60007 0x1400 0x98 0x1402 0x130005 0x0 0x1d1df540 0x1402 0x0 0x0 0x1a0007 0x1402 0x30 0x0 0x210002 0x0 0x2c0003 0x1402 0xffffffffffffff80 oops 1 6 java/io/ObjectInputStream$PeekInputStream
instanceKlass org/jetbrains/kotlin/android/synthetic/codegen/AbstractAndroidExtensionsExpressionCodegenExtension$WhenMappings
instanceKlass org/jetbrains/kotlin/android/synthetic/codegen/HashMapCacheMechanism
instanceKlass org/jetbrains/kotlin/android/synthetic/codegen/CacheMechanism$Companion$WhenMappings
instanceKlass org/jetbrains/kotlin/android/synthetic/codegen/CacheMechanism$Companion
instanceKlass org/jetbrains/kotlin/android/synthetic/codegen/CacheMechanism
instanceKlass org/jetbrains/kotlin/android/synthetic/codegen/AbstractAndroidExtensionsExpressionCodegenExtension$SyntheticPartsGenerateContext
instanceKlass org/jetbrains/kotlin/android/synthetic/codegen/AndroidContainerType$Companion
instanceKlass kotlinx/android/extensions/ContainerOptions
instanceKlass org/jetbrains/kotlin/android/synthetic/descriptors/ContainerOptionsProxy$Companion
instanceKlass org/jetbrains/kotlin/android/synthetic/descriptors/ContainerOptionsProxy
instanceKlass org/jetbrains/kotlin/android/synthetic/res/AndroidSyntheticFunction
instanceKlass org/jetbrains/kotlin/android/synthetic/codegen/AbstractAndroidOnDestroyClassBuilderInterceptorExtension$AndroidOnDestroyClassBuilderFactory
instanceKlass kotlinx/android/parcel/Parcelize
instanceKlass org/jetbrains/kotlin/android/parcel/ParcelableResolveExtensionKt
instanceKlass org/jetbrains/kotlin/android/synthetic/res/AndroidSyntheticProperty
instanceKlass org/jetbrains/kotlin/android/synthetic/res/SyntheticDescriptorGenerationKt
instanceKlass org/jetbrains/kotlin/android/synthetic/res/ResolvedWidget
instanceKlass org/jetbrains/kotlin/android/synthetic/res/AndroidResourcesKt
instanceKlass org/jetbrains/kotlin/android/synthetic/descriptors/WidgetReceiver
instanceKlass org/jetbrains/kotlin/android/synthetic/descriptors/SyntheticElementResolveContext$Companion
instanceKlass org/jetbrains/kotlin/android/synthetic/descriptors/SyntheticElementResolveContext
instanceKlass kotlinx/android/extensions/LayoutContainer
instanceKlass org/jetbrains/kotlin/android/synthetic/res/AndroidSyntheticPackageFragmentProvider
instanceKlass org/jetbrains/kotlin/android/synthetic/descriptors/AndroidSyntheticPackageData
instanceKlass org/jetbrains/kotlin/android/synthetic/res/AndroidLayoutGroup
instanceKlass org/jetbrains/kotlin/android/synthetic/res/AndroidLayout
instanceKlass org/jetbrains/kotlin/android/synthetic/res/AndroidResource
instanceKlass org/jetbrains/kotlin/android/synthetic/res/ResourceIdentifier
instanceKlass org/jetbrains/kotlin/android/synthetic/AndroidXmlHandlerKt
instanceKlass org/jetbrains/kotlin/android/synthetic/AndroidConstKt
instanceKlass org/jetbrains/kotlin/android/synthetic/res/AndroidLayoutGroupData
instanceKlass org/jetbrains/kotlin/android/synthetic/AndroidConst
instanceKlass org/jetbrains/kotlin/android/synthetic/descriptors/LazySyntheticElementResolveContext
instanceKlass org/jetbrains/kotlin/android/synthetic/res/AndroidVariantData
instanceKlass org/jetbrains/kotlin/android/synthetic/res/AndroidLayoutXmlFileManager$$special$$inlined$sortedBy$1
instanceKlass org/jetbrains/kotlin/android/synthetic/res/AndroidModuleData$Companion
instanceKlass org/jetbrains/kotlin/android/synthetic/res/AndroidModuleData
instanceKlass org/jetbrains/kotlin/android/parcel/ParcelableDeclarationChecker$Companion
instanceKlass org/jetbrains/kotlin/android/parcel/ParcelableDeclarationChecker
instanceKlass org/jetbrains/kotlin/android/synthetic/diagnostic/AndroidExtensionPropertiesCallChecker
instanceKlass org/jetbrains/kotlin/android/synthetic/res/AndroidPackageFragmentProviderExtension
instanceKlass org/jetbrains/kotlin/android/synthetic/codegen/AbstractAndroidOnDestroyClassBuilderInterceptorExtension
instanceKlass org/jetbrains/kotlin/android/synthetic/AndroidExtensionPropertiesComponentContainerContributor
instanceKlass org/jetbrains/kotlin/android/synthetic/codegen/AbstractAndroidExtensionsExpressionCodegenExtension$Companion
instanceKlass org/jetbrains/kotlin/android/synthetic/codegen/AbstractAndroidExtensionsExpressionCodegenExtension
instanceKlass org/jetbrains/kotlin/android/synthetic/res/AndroidModule
instanceKlass org/jetbrains/kotlin/android/synthetic/res/AndroidLayoutXmlFileManager$Companion
instanceKlass org/jetbrains/kotlin/android/synthetic/res/AndroidLayoutXmlFileManager
instanceKlass kotlinx/android/extensions/CacheImplementation$Companion
instanceKlass org/jetbrains/kotlin/android/synthetic/res/AndroidVariant$Companion
instanceKlass org/jetbrains/kotlin/android/synthetic/res/AndroidVariant
instanceKlass org/jetbrains/kotlin/android/synthetic/AndroidConfigurationKeys
instanceKlass org/jetbrains/kotlin/android/synthetic/AndroidCommandLineProcessor$Companion
instanceKlass org/jetbrains/kotlin/android/synthetic/AndroidCommandLineProcessor
instanceKlass org/jetbrains/kotlin/android/synthetic/AndroidComponentRegistrar$Companion
instanceKlass org/jetbrains/kotlin/android/synthetic/AndroidComponentRegistrar
instanceKlass org/jetbrains/kotlin/android/synthetic/codegen/AbstractAndroidExtensionsExpressionCodegenExtension$WhenMappings
instanceKlass org/jetbrains/kotlin/android/synthetic/codegen/HashMapCacheMechanism
instanceKlass org/jetbrains/kotlin/android/synthetic/codegen/CacheMechanism$Companion$WhenMappings
instanceKlass org/jetbrains/kotlin/android/synthetic/codegen/CacheMechanism$Companion
instanceKlass org/jetbrains/kotlin/android/synthetic/codegen/CacheMechanism
instanceKlass org/jetbrains/kotlin/android/synthetic/codegen/AbstractAndroidExtensionsExpressionCodegenExtension$SyntheticPartsGenerateContext
instanceKlass org/jetbrains/kotlin/android/synthetic/codegen/AndroidContainerType$Companion
instanceKlass kotlinx/android/extensions/ContainerOptions
instanceKlass org/jetbrains/kotlin/android/synthetic/descriptors/ContainerOptionsProxy$Companion
instanceKlass org/jetbrains/kotlin/android/synthetic/descriptors/ContainerOptionsProxy
instanceKlass org/jetbrains/kotlin/android/synthetic/res/AndroidSyntheticFunction
instanceKlass org/jetbrains/kotlin/android/synthetic/codegen/AbstractAndroidOnDestroyClassBuilderInterceptorExtension$AndroidOnDestroyClassBuilderFactory
instanceKlass kotlinx/android/parcel/Parcelize
instanceKlass org/jetbrains/kotlin/android/parcel/ParcelableResolveExtensionKt
instanceKlass org/jetbrains/kotlin/android/synthetic/res/AndroidSyntheticProperty
instanceKlass org/jetbrains/kotlin/android/synthetic/res/SyntheticDescriptorGenerationKt
instanceKlass org/jetbrains/kotlin/android/synthetic/res/ResolvedWidget
instanceKlass org/jetbrains/kotlin/android/synthetic/res/AndroidResourcesKt
instanceKlass org/jetbrains/kotlin/android/synthetic/descriptors/WidgetReceiver
instanceKlass org/jetbrains/kotlin/android/synthetic/descriptors/SyntheticElementResolveContext$Companion
instanceKlass org/jetbrains/kotlin/android/synthetic/descriptors/SyntheticElementResolveContext
instanceKlass kotlinx/android/extensions/LayoutContainer
instanceKlass org/jetbrains/kotlin/android/synthetic/res/AndroidSyntheticPackageFragmentProvider
instanceKlass org/jetbrains/kotlin/android/synthetic/descriptors/AndroidSyntheticPackageData
instanceKlass org/jetbrains/kotlin/android/synthetic/res/AndroidLayoutGroup
instanceKlass org/jetbrains/kotlin/android/synthetic/res/AndroidLayout
instanceKlass org/jetbrains/kotlin/android/synthetic/res/AndroidResource
instanceKlass org/jetbrains/kotlin/android/synthetic/res/ResourceIdentifier
instanceKlass org/jetbrains/kotlin/android/synthetic/AndroidXmlHandlerKt
instanceKlass org/jetbrains/kotlin/android/synthetic/AndroidConstKt
instanceKlass org/jetbrains/kotlin/android/synthetic/res/AndroidLayoutGroupData
instanceKlass org/jetbrains/kotlin/android/synthetic/AndroidConst
instanceKlass org/jetbrains/kotlin/android/synthetic/descriptors/LazySyntheticElementResolveContext
instanceKlass org/jetbrains/kotlin/android/synthetic/res/AndroidVariantData
instanceKlass org/jetbrains/kotlin/android/synthetic/res/AndroidLayoutXmlFileManager$$special$$inlined$sortedBy$1
instanceKlass org/jetbrains/kotlin/android/synthetic/res/AndroidModuleData$Companion
instanceKlass org/jetbrains/kotlin/android/synthetic/res/AndroidModuleData
instanceKlass org/jetbrains/kotlin/android/parcel/ParcelableDeclarationChecker$Companion
instanceKlass org/jetbrains/kotlin/android/parcel/ParcelableDeclarationChecker
instanceKlass org/jetbrains/kotlin/android/synthetic/diagnostic/AndroidExtensionPropertiesCallChecker
instanceKlass org/jetbrains/kotlin/android/synthetic/res/AndroidPackageFragmentProviderExtension
instanceKlass org/jetbrains/kotlin/android/synthetic/codegen/AbstractAndroidOnDestroyClassBuilderInterceptorExtension
instanceKlass org/jetbrains/kotlin/android/synthetic/AndroidExtensionPropertiesComponentContainerContributor
instanceKlass org/jetbrains/kotlin/android/synthetic/codegen/AbstractAndroidExtensionsExpressionCodegenExtension$Companion
instanceKlass org/jetbrains/kotlin/android/synthetic/codegen/AbstractAndroidExtensionsExpressionCodegenExtension
instanceKlass org/jetbrains/kotlin/android/synthetic/res/AndroidModule
instanceKlass org/jetbrains/kotlin/android/synthetic/res/AndroidLayoutXmlFileManager$Companion
instanceKlass org/jetbrains/kotlin/android/synthetic/res/AndroidLayoutXmlFileManager
instanceKlass kotlinx/android/extensions/CacheImplementation$Companion
instanceKlass org/jetbrains/kotlin/android/synthetic/res/AndroidVariant$Companion
instanceKlass org/jetbrains/kotlin/android/synthetic/res/AndroidVariant
instanceKlass org/jetbrains/kotlin/android/synthetic/AndroidConfigurationKeys
instanceKlass org/jetbrains/kotlin/android/synthetic/AndroidCommandLineProcessor$Companion
instanceKlass org/jetbrains/kotlin/android/synthetic/AndroidCommandLineProcessor
instanceKlass org/jetbrains/kotlin/android/synthetic/AndroidComponentRegistrar$Companion
instanceKlass org/jetbrains/kotlin/android/synthetic/AndroidComponentRegistrar
instanceKlass org/jetbrains/kotlin/incremental/ChangeInfo
instanceKlass org/jetbrains/kotlin/incremental/ProtoCompareGeneratedKt
instanceKlass org/jetbrains/kotlin/incremental/DifferenceCalculatorForClass$WhenMappings
instanceKlass org/jetbrains/kotlin/android/synthetic/codegen/AbstractAndroidExtensionsExpressionCodegenExtension$WhenMappings
instanceKlass org/jetbrains/kotlin/android/synthetic/codegen/HashMapCacheMechanism
instanceKlass org/jetbrains/kotlin/android/synthetic/codegen/CacheMechanism$Companion$WhenMappings
instanceKlass org/jetbrains/kotlin/android/synthetic/codegen/CacheMechanism$Companion
instanceKlass org/jetbrains/kotlin/android/synthetic/codegen/CacheMechanism
instanceKlass org/jetbrains/kotlin/android/synthetic/codegen/AbstractAndroidExtensionsExpressionCodegenExtension$SyntheticPartsGenerateContext
instanceKlass org/jetbrains/kotlin/android/synthetic/codegen/AndroidContainerType$Companion
instanceKlass kotlinx/android/extensions/ContainerOptions
instanceKlass org/jetbrains/kotlin/android/synthetic/descriptors/ContainerOptionsProxy$Companion
instanceKlass org/jetbrains/kotlin/android/synthetic/descriptors/ContainerOptionsProxy
instanceKlass org/jetbrains/kotlin/codegen/AnnotationCodegen$2
instanceKlass org/jetbrains/kotlin/android/synthetic/res/AndroidSyntheticFunction
instanceKlass org/jetbrains/kotlin/android/synthetic/codegen/AbstractAndroidOnDestroyClassBuilderInterceptorExtension$AndroidOnDestroyClassBuilderFactory
instanceKlass org/jetbrains/kotlin/cli/common/messages/CompilerMessageLocation$Companion
instanceKlass org/jetbrains/kotlin/cli/common/messages/CompilerMessageLocation
instanceKlass org/jetbrains/kotlin/cli/common/messages/MessageUtil
instanceKlass org/jetbrains/kotlin/diagnostics/DiagnosticUtils$LineAndColumn
instanceKlass org/jetbrains/kotlin/cli/common/messages/AnalyzerWithCompilerReport$Companion$WhenMappings
instanceKlass org/jetbrains/kotlin/cli/common/messages/MessageCollectorBasedReporter$DefaultImpls
instanceKlass org/jetbrains/kotlin/renderer/DescriptorRendererImpl$WhenMappings
instanceKlass org/jetbrains/kotlin/renderer/DescriptorRendererImpl$RenderDeclarationDescriptorVisitor
instanceKlass org/jetbrains/kotlin/diagnostics/rendering/AdaptiveClassifierNamePolicy
instanceKlass org/jetbrains/kotlin/diagnostics/rendering/RenderingContext$Key
instanceKlass org/jetbrains/kotlin/diagnostics/rendering/AdaptiveClassifierNamePolicyKt
instanceKlass org/jetbrains/kotlin/diagnostics/rendering/DiagnosticRendererUtilKt
instanceKlass org/jetbrains/kotlin/diagnostics/rendering/RenderingContext$Companion
instanceKlass org/jetbrains/kotlin/js/resolve/diagnostics/RenderFirstLineOfElementText
instanceKlass org/jetbrains/kotlin/js/resolve/diagnostics/JsCallDataRenderer
instanceKlass org/jetbrains/kotlin/js/resolve/diagnostics/ErrorsJs$1
instanceKlass org/jetbrains/kotlin/js/resolve/diagnostics/ErrorsJs
instanceKlass org/jetbrains/kotlin/js/resolve/diagnostics/DefaultErrorMessagesJsKt
instanceKlass org/jetbrains/kotlin/js/resolve/diagnostics/DefaultErrorMessagesJs
instanceKlass org/jetbrains/kotlin/resolve/jvm/diagnostics/ErrorsJvm$1
instanceKlass org/jetbrains/kotlin/resolve/jvm/diagnostics/ErrorsJvm
instanceKlass org/jetbrains/kotlin/resolve/jvm/diagnostics/DefaultErrorMessagesJvm$$Lambda$185
instanceKlass org/jetbrains/kotlin/resolve/jvm/diagnostics/ConflictingJvmDeclarationsData
instanceKlass org/jetbrains/kotlin/org/picocontainer/Parameter
instanceKlass org/jetbrains/kotlin/com/intellij/util/pico/CachingConstructorInjectionComponentAdapter$$Lambda$184
instanceKlass org/jetbrains/kotlin/com/intellij/util/pico/CachingConstructorInjectionComponentAdapter$1
instanceKlass org/jetbrains/kotlin/resolve/jvm/diagnostics/DefaultErrorMessagesJvm
instanceKlass org/jetbrains/kotlin/diagnostics/rendering/DefaultErrorMessages$$Lambda$183
instanceKlass org/jetbrains/kotlin/diagnostics/rendering/DefaultErrorMessages$$Lambda$182
instanceKlass org/jetbrains/kotlin/diagnostics/rendering/DefaultErrorMessages$$Lambda$181
instanceKlass org/jetbrains/kotlin/diagnostics/rendering/DefaultErrorMessages$$Lambda$180
instanceKlass org/jetbrains/kotlin/resolve/VarianceConflictDiagnosticData
instanceKlass org/jetbrains/kotlin/diagnostics/rendering/DefaultErrorMessages$$Lambda$179
instanceKlass org/jetbrains/kotlin/diagnostics/rendering/LanguageFeatureMessageRenderer
instanceKlass org/jetbrains/kotlin/diagnostics/rendering/DefaultErrorMessages$$Lambda$178
instanceKlass org/jetbrains/kotlin/diagnostics/rendering/DefaultErrorMessages$$Lambda$177
instanceKlass org/jetbrains/kotlin/serialization/deserialization/IncompatibleVersionErrorData
instanceKlass org/jetbrains/kotlin/diagnostics/rendering/DefaultErrorMessages$$Lambda$176
instanceKlass org/jetbrains/kotlin/diagnostics/rendering/DefaultErrorMessages$$Lambda$175
instanceKlass org/jetbrains/kotlin/serialization/deserialization/descriptors/SinceKotlinInfo$Version
instanceKlass org/jetbrains/kotlin/diagnostics/rendering/DefaultErrorMessages$$Lambda$174
instanceKlass org/jetbrains/kotlin/diagnostics/rendering/IncompatibleHeaderImplClassScopesRenderer$Companion
instanceKlass org/jetbrains/kotlin/diagnostics/rendering/IncompatibleHeaderImplClassScopesRenderer
instanceKlass org/jetbrains/kotlin/diagnostics/rendering/MultiplatformDiagnosticRenderingMode
instanceKlass org/jetbrains/kotlin/diagnostics/rendering/PlatformIncompatibilityDiagnosticRenderer$Companion
instanceKlass org/jetbrains/kotlin/diagnostics/rendering/PlatformIncompatibilityDiagnosticRenderer
instanceKlass org/jetbrains/kotlin/diagnostics/rendering/DefaultErrorMessages$$Lambda$173
instanceKlass org/jetbrains/kotlin/diagnostics/rendering/RenderingContext
instanceKlass org/jetbrains/kotlin/diagnostics/rendering/DefaultErrorMessages$$Lambda$172
instanceKlass org/jetbrains/kotlin/diagnostics/rendering/MultiRenderer
instanceKlass org/jetbrains/kotlin/diagnostics/TypeMismatchDueToTypeProjectionsData
instanceKlass org/jetbrains/kotlin/diagnostics/rendering/SimpleDiagnosticRenderer
instanceKlass org/jetbrains/kotlin/diagnostics/rendering/AbstractDiagnosticWithParametersRenderer
instanceKlass org/jetbrains/kotlin/diagnostics/rendering/DiagnosticRenderer
instanceKlass org/jetbrains/kotlin/diagnostics/rendering/SmartDescriptorRenderer
instanceKlass org/jetbrains/kotlin/diagnostics/rendering/RenderersKt
instanceKlass org/jetbrains/kotlin/diagnostics/rendering/DiagnosticParameterRendererKt$ContextDependentRenderer$1
instanceKlass org/jetbrains/kotlin/diagnostics/rendering/SmartTypeRenderer
instanceKlass org/jetbrains/kotlin/diagnostics/rendering/DiagnosticParameterRendererKt$Renderer$1
instanceKlass org/jetbrains/kotlin/diagnostics/rendering/DiagnosticParameterRendererKt
instanceKlass org/jetbrains/kotlin/diagnostics/rendering/Renderers
instanceKlass org/jetbrains/kotlin/diagnostics/rendering/DefaultErrorMessages$$Lambda$171
instanceKlass org/jetbrains/kotlin/diagnostics/rendering/DefaultErrorMessages$Extension
instanceKlass org/jetbrains/kotlin/diagnostics/rendering/DiagnosticFactoryToRendererMap
instanceKlass org/jetbrains/kotlin/diagnostics/rendering/DiagnosticParameterRenderer
instanceKlass org/jetbrains/kotlin/diagnostics/rendering/DefaultErrorMessages
instanceKlass org/jetbrains/kotlin/diagnostics/PositioningStrategyKt
instanceKlass org/jetbrains/kotlin/resolve/diagnostics/KotlinSuppressCache$Suppressor
instanceKlass org/jetbrains/kotlin/resolve/diagnostics/KotlinSuppressCache$DiagnosticSuppressRequest
instanceKlass org/jetbrains/kotlin/resolve/diagnostics/KotlinSuppressCache$SuppressRequest
instanceKlass org/jetbrains/kotlin/load/java/components/JavaAnnotationTargetMapper
instanceKlass kotlinx/android/parcel/Parcelize
instanceKlass org/jetbrains/kotlin/android/parcel/ParcelableResolveExtensionKt
instanceKlass org/jetbrains/kotlin/resolve/DeprecationUtilKt$WhenMappings
instanceKlass org/jetbrains/kotlin/resolve/DeprecatedTypealiasByAnnotation
instanceKlass org/jetbrains/kotlin/resolve/DeprecatedBySinceKotlinInfo
instanceKlass org/jetbrains/kotlin/resolve/DeprecatedByAnnotation
instanceKlass org/jetbrains/kotlin/resolve/Deprecation
instanceKlass org/jetbrains/kotlin/com/intellij/psi/impl/source/tree/LazyParseableElement$1
instanceKlass org/jetbrains/kotlin/android/synthetic/res/AndroidSyntheticProperty
instanceKlass org/jetbrains/kotlin/android/synthetic/res/SyntheticDescriptorGenerationKt
instanceKlass org/jetbrains/kotlin/android/synthetic/res/ResolvedWidget
instanceKlass org/jetbrains/kotlin/android/synthetic/res/AndroidResourcesKt
instanceKlass org/jetbrains/kotlin/android/synthetic/descriptors/WidgetReceiver
instanceKlass org/jetbrains/kotlin/android/synthetic/descriptors/SyntheticElementResolveContext$Companion
instanceKlass org/jetbrains/kotlin/android/synthetic/descriptors/SyntheticElementResolveContext
instanceKlass kotlinx/android/extensions/LayoutContainer
instanceKlass org/jetbrains/kotlin/resolve/calls/ValueArgumentsToParametersMapper$Processor$$Lambda$170
instanceKlass org/jetbrains/kotlin/resolve/calls/model/VarargValueArgument
instanceKlass org/jetbrains/kotlin/resolve/lazy/descriptors/LazyAnnotationDescriptor
instanceKlass org/jetbrains/kotlin/android/synthetic/res/AndroidSyntheticPackageFragmentProvider
instanceKlass org/jetbrains/kotlin/android/synthetic/descriptors/AndroidSyntheticPackageData
instanceKlass org/jetbrains/kotlin/android/synthetic/res/AndroidLayoutGroup
instanceKlass org/jetbrains/kotlin/android/synthetic/res/AndroidLayout
instanceKlass org/jetbrains/kotlin/android/synthetic/res/AndroidResource
instanceKlass org/jetbrains/kotlin/android/synthetic/res/ResourceIdentifier
instanceKlass org/jetbrains/kotlin/android/synthetic/AndroidXmlHandlerKt
instanceKlass org/jetbrains/kotlin/android/synthetic/AndroidConstKt
instanceKlass org/jetbrains/kotlin/android/synthetic/res/AndroidLayoutGroupData
instanceKlass org/jetbrains/kotlin/android/synthetic/AndroidConst
instanceKlass org/jetbrains/kotlin/android/synthetic/descriptors/LazySyntheticElementResolveContext
instanceKlass org/jetbrains/kotlin/android/synthetic/res/AndroidVariantData
instanceKlass org/jetbrains/kotlin/android/synthetic/res/AndroidLayoutXmlFileManager$$special$$inlined$sortedBy$1
instanceKlass org/jetbrains/kotlin/android/synthetic/res/AndroidModuleData$Companion
instanceKlass org/jetbrains/kotlin/android/synthetic/res/AndroidModuleData
instanceKlass org/jetbrains/kotlin/android/parcel/ParcelableDeclarationChecker$Companion
instanceKlass org/jetbrains/kotlin/android/parcel/ParcelableDeclarationChecker
instanceKlass org/jetbrains/kotlin/android/synthetic/diagnostic/AndroidExtensionPropertiesCallChecker
instanceKlass org/jetbrains/kotlin/android/synthetic/res/AndroidPackageFragmentProviderExtension
instanceKlass org/jetbrains/kotlin/android/synthetic/codegen/AbstractAndroidOnDestroyClassBuilderInterceptorExtension
instanceKlass org/jetbrains/kotlin/android/synthetic/AndroidExtensionPropertiesComponentContainerContributor
instanceKlass org/jetbrains/kotlin/android/synthetic/codegen/AbstractAndroidExtensionsExpressionCodegenExtension$Companion
instanceKlass org/jetbrains/kotlin/android/synthetic/codegen/AbstractAndroidExtensionsExpressionCodegenExtension
instanceKlass org/jetbrains/kotlin/android/synthetic/res/AndroidModule
instanceKlass org/jetbrains/kotlin/android/synthetic/res/AndroidLayoutXmlFileManager$Companion
instanceKlass org/jetbrains/kotlin/android/synthetic/res/AndroidLayoutXmlFileManager
instanceKlass kotlinx/android/extensions/CacheImplementation$Companion
instanceKlass org/jetbrains/kotlin/android/synthetic/res/AndroidVariant$Companion
instanceKlass org/jetbrains/kotlin/android/synthetic/res/AndroidVariant
instanceKlass org/jetbrains/kotlin/android/synthetic/AndroidConfigurationKeys
instanceKlass org/jetbrains/kotlin/android/synthetic/AndroidCommandLineProcessor$Companion
